SF:C:\code\sanchez\Sanchez\Sanchez.cs
FN:16,System.Void Sanchez.Sanchez::Main(System.String[])
FNDA:8,System.Void Sanchez.Sanchez::Main(System.String[])
DA:17,8
DA:18,8
DA:19,8
DA:21,8
DA:22,16
DA:23,8
DA:24,16
DA:25,18
DA:26,8
DA:27,8
DA:28,14
DA:29,14
DA:30,16
DA:31,8
BRDA:25,25,1,6
BRDA:25,25,0,8
LF:14
LH:14
BRF:2
BRH:2
FNF:1
FNH:1
end_of_record
SF:C:\code\sanchez\Sanchez\Services\Compositor.cs
FN:38,System.Void Sanchez.Services.Compositor::Create(Sanchez.Models.CommandLineOptions)
FNDA:6,System.Void Sanchez.Services.Compositor::Create(Sanchez.Models.CommandLineOptions)
DA:39,6
DA:40,6
DA:43,6
DA:44,1
DA:45,1
DA:46,1
DA:50,5
DA:51,5
DA:52,1
DA:53,1
DA:54,1
DA:58,4
DA:59,4
DA:61,4
DA:62,4
DA:63,4
DA:64,4
DA:65,4
DA:66,9
DA:67,9
DA:68,9
DA:69,7
DA:70,7
DA:71,7
DA:72,7
DA:73,9
DA:74,4
DA:76,4
DA:77,3
DA:78,3
DA:79,3
DA:81,1
DA:82,1
DA:83,1
DA:84,6
BRDA:43,63,0,1
BRDA:43,63,1,5
BRDA:51,118,0,1
BRDA:51,118,1,4
BRDA:76,204,0,3
BRDA:76,204,1,1
BRDA:68,32,0,3
BRDA:68,32,1,5
FN:89,System.String Sanchez.Services.Compositor::CompositeImage(Sanchez.Models.CommandLineOptions,Sanchez.Models.RenderOptions,System.String)
FNDA:5,System.String Sanchez.Services.Compositor::CompositeImage(Sanchez.Models.CommandLineOptions,Sanchez.Models.RenderOptions,System.String)
DA:90,5
DA:91,5
DA:95,5
DA:98,5
DA:99,2
DA:100,2
DA:101,2
DA:105,3
DA:108,3
DA:109,3
DA:112,3
DA:113,3
DA:114,3
DA:115,3
DA:116,3
DA:117,3
DA:119,3
DA:120,5
BRDA:98,34,0,2
BRDA:98,34,1,5
BRDA:98,47,0,5
BRDA:98,47,1,0
BRDA:98,60,0,2
BRDA:98,60,1,3
FN:29,System.Void Sanchez.Services.Compositor::.ctor(Sanchez.Services.IFileService)
FNDA:32,System.Void Sanchez.Services.Compositor::.ctor(Sanchez.Services.IFileService)
DA:30,32
LF:54
LH:54
BRF:14
BRH:13
FNF:3
FNH:3
end_of_record
SF:C:\code\sanchez\Sanchez\Services\FileService.cs
FN:40,System.Void Sanchez.Services.FileService::PrepareOutput(Sanchez.Models.CommandLineOptions)
FNDA:8,System.Void Sanchez.Services.FileService::PrepareOutput(Sanchez.Models.CommandLineOptions)
DA:41,8
DA:42,8
DA:43,1
DA:44,1
DA:45,1
DA:46,8
BRDA:42,7,0,4
BRDA:42,7,1,4
BRDA:42,28,0,1
BRDA:42,28,1,8
FN:52,System.String Sanchez.Services.FileService::GetOutputFilename(Sanchez.Models.CommandLineOptions,System.String)
FNDA:7,System.String Sanchez.Services.FileService::GetOutputFilename(Sanchez.Models.CommandLineOptions,System.String)
DA:53,7
DA:54,7
DA:55,7
DA:56,7
DA:57,7
BRDA:54,7,0,4
BRDA:54,7,1,3
FN:63,System.Collections.Generic.List`1<System.String> Sanchez.Services.FileService::GetSourceFiles(Sanchez.Models.CommandLineOptions)
FNDA:14,System.Collections.Generic.List`1<System.String> Sanchez.Services.FileService::GetSourceFiles(Sanchez.Models.CommandLineOptions)
DA:64,14
DA:65,14
DA:68,18
DA:71,10
DA:72,3
DA:73,3
DA:74,3
DA:75,3
DA:80,7
DA:82,7
DA:83,7
DA:84,27
DA:85,7
DA:86,14
BRDA:68,30,0,4
BRDA:68,30,1,10
BRDA:71,58,0,3
BRDA:71,58,1,7
FN:88,System.String Sanchez.Services.FileService::GetGlobBase(System.String)
FNDA:7,System.String Sanchez.Services.FileService::GetGlobBase(System.String)
DA:89,7
DA:91,7
DA:95,7
DA:96,7
DA:97,70
DA:98,7
DA:101,7
DA:102,7
BRDA:97,8,0,63
BRDA:97,8,1,0
LF:33
LH:33
BRF:12
BRH:11
FNF:4
FNH:4
end_of_record
SF:C:\code\sanchez\Sanchez\Services\OptionValidator.cs
FN:35,System.Boolean Sanchez.Services.OptionValidator::Validate(Sanchez.Models.CommandLineOptions)
FNDA:16,System.Boolean Sanchez.Services.OptionValidator::Validate(Sanchez.Models.CommandLineOptions)
DA:36,16
DA:37,16
DA:40,16
DA:41,1
DA:42,4
DA:43,1
DA:44,1
DA:47,16
DA:48,4
DA:49,4
DA:50,4
DA:51,4
DA:53,16
DA:55,16
DA:56,16
BRDA:40,17,0,1
BRDA:40,17,1,16
BRDA:47,72,0,4
BRDA:47,72,1,16
FN:58,System.Boolean Sanchez.Services.OptionValidator::ValidateOutputFormat(Sanchez.Models.CommandLineOptions)
FNDA:16,System.Boolean Sanchez.Services.OptionValidator::ValidateOutputFormat(Sanchez.Models.CommandLineOptions)
DA:59,16
DA:60,20
DA:62,12
DA:63,12
DA:65,14
DA:66,10
DA:67,10
DA:68,16
BRDA:60,9,0,4
BRDA:60,9,1,12
BRDA:65,49,0,2
BRDA:65,49,1,10
FN:70,System.Boolean Sanchez.Services.OptionValidator::ValidateSource(Sanchez.Models.CommandLineOptions)
FNDA:16,System.Boolean Sanchez.Services.OptionValidator::ValidateSource(Sanchez.Models.CommandLineOptions)
DA:71,16
DA:72,16
DA:73,16
DA:76,20
DA:78,22
DA:80,2
DA:81,2
DA:82,16
BRDA:76,43,0,4
BRDA:76,43,1,12
BRDA:78,57,0,10
BRDA:78,57,1,2
FN:92,System.Boolean Sanchez.Services.OptionValidator::ValidatePaths(Sanchez.Models.CommandLineOptions,System.Collections.Generic.List`1<System.String>&)
FNDA:19,System.Boolean Sanchez.Services.OptionValidator::ValidatePaths(Sanchez.Models.CommandLineOptions,System.Collections.Generic.List`1<System.String>&)
DA:93,19
DA:94,19
DA:96,19
DA:97,19
DA:99,171
DA:100,57
DA:103,107
DA:105,7
DA:106,7
DA:107,7
DA:109,19
DA:110,19
BRDA:99,100,1,57
BRDA:103,59,0,23
BRDA:103,59,1,34
BRDA:103,75,1,7
BRDA:103,75,0,57
BRDA:99,100,0,19
LF:43
LH:43
BRF:18
BRH:18
FNF:4
FNH:4
end_of_record
SF:C:\code\sanchez\Sanchez\Models\CommandLineOptions.cs
FN:13,System.String Sanchez.Models.CommandLineOptions::get_UnderlayPath()
FNDA:34,System.String Sanchez.Models.CommandLineOptions::get_UnderlayPath()
DA:14,34
FN:16,System.String Sanchez.Models.CommandLineOptions::get_SourcePath()
FNDA:206,System.String Sanchez.Models.CommandLineOptions::get_SourcePath()
DA:17,206
FN:19,System.String Sanchez.Models.CommandLineOptions::get_MaskPath()
FNDA:31,System.String Sanchez.Models.CommandLineOptions::get_MaskPath()
DA:20,31
FN:22,System.String Sanchez.Models.CommandLineOptions::get_OverlayPath()
FNDA:33,System.String Sanchez.Models.CommandLineOptions::get_OverlayPath()
DA:23,33
FN:25,System.String Sanchez.Models.CommandLineOptions::get_OutputPath()
FNDA:56,System.String Sanchez.Models.CommandLineOptions::get_OutputPath()
DA:26,56
FN:28,System.String Sanchez.Models.CommandLineOptions::get_Tint()
FNDA:59,System.String Sanchez.Models.CommandLineOptions::get_Tint()
DA:29,59
FN:31,System.Single Sanchez.Models.CommandLineOptions::get_Brightness()
FNDA:14,System.Single Sanchez.Models.CommandLineOptions::get_Brightness()
DA:32,14
FN:34,System.Single Sanchez.Models.CommandLineOptions::get_Saturation()
FNDA:14,System.Single Sanchez.Models.CommandLineOptions::get_Saturation()
DA:35,14
FN:39,System.Boolean Sanchez.Models.CommandLineOptions::get_IsBatch()
FNDA:74,System.Boolean Sanchez.Models.CommandLineOptions::get_IsBatch()
DA:40,74
BRDA:40,7,0,0
BRDA:40,7,1,74
BRDA:40,20,0,50
BRDA:40,20,1,24
LF:9
LH:9
BRF:4
BRH:3
FNF:9
FNH:9
end_of_record
SF:C:\code\sanchez\Sanchez\Models\RenderOptions.cs
FN:18,System.Boolean Sanchez.Models.RenderOptions::get_RenderMask()
FNDA:3,System.Boolean Sanchez.Models.RenderOptions::get_RenderMask()
DA:19,3
FN:19,System.Boolean Sanchez.Models.RenderOptions::get_RenderOverlay()
FNDA:3,System.Boolean Sanchez.Models.RenderOptions::get_RenderOverlay()
DA:20,3
FN:20,System.Single Sanchez.Models.RenderOptions::get_Brightness()
FNDA:3,System.Single Sanchez.Models.RenderOptions::get_Brightness()
DA:21,3
FN:21,System.Single Sanchez.Models.RenderOptions::get_Saturation()
FNDA:3,System.Single Sanchez.Models.RenderOptions::get_Saturation()
DA:22,3
FN:22,System.Nullable`1<SixLabors.ImageSharp.Color> Sanchez.Models.RenderOptions::get_Tint()
FNDA:9,System.Nullable`1<SixLabors.ImageSharp.Color> Sanchez.Models.RenderOptions::get_Tint()
DA:23,9
FN:9,System.Void Sanchez.Models.RenderOptions::.ctor(System.Boolean,System.Boolean,System.Single,System.Single,System.Nullable`1<SixLabors.ImageSharp.Color>)
FNDA:6,System.Void Sanchez.Models.RenderOptions::.ctor(System.Boolean,System.Boolean,System.Single,System.Single,System.Nullable`1<SixLabors.ImageSharp.Color>)
DA:10,6
DA:11,6
DA:12,6
DA:13,6
DA:14,6
DA:15,6
DA:16,6
DA:17,6
LF:13
LH:13
BRF:0
BRH:0
FNF:6
FNH:6
end_of_record
SF:C:\code\sanchez\Sanchez\Factories\RenderOptionFactory.cs
FN:11,Sanchez.Models.RenderOptions Sanchez.Factories.RenderOptionFactory::ToRenderOptions(Sanchez.Models.CommandLineOptions)
FNDA:6,Sanchez.Models.RenderOptions Sanchez.Factories.RenderOptionFactory::ToRenderOptions(Sanchez.Models.CommandLineOptions)
DA:12,6
DA:14,6
DA:15,6
DA:17,6
DA:18,6
DA:19,6
DA:20,6
DA:21,6
DA:22,6
DA:23,6
LF:10
LH:10
BRF:0
BRH:0
FNF:1
FNH:1
end_of_record
SF:C:\code\sanchez\Sanchez\Extensions\ColorExtensions.cs
FN:14,System.Nullable`1<SixLabors.ImageSharp.Color> Sanchez.Extensions.ColorExtensions::FromHexString(System.String)
FNDA:10,System.Nullable`1<SixLabors.ImageSharp.Color> Sanchez.Extensions.ColorExtensions::FromHexString(System.String)
DA:15,10
DA:16,18
DA:17,2
DA:18,10
BRDA:16,11,0,8
BRDA:16,11,1,2
LF:4
LH:4
BRF:2
BRH:2
FNF:1
FNH:1
end_of_record
SF:C:\code\sanchez\Sanchez\Extensions\ImageExtensions.cs
FN:17,System.Void Sanchez.Extensions.ImageExtensions::TintAndBlend(SixLabors.ImageSharp.Image,SixLabors.ImageSharp.Color)
FNDA:3,System.Void Sanchez.Extensions.ImageExtensions::TintAndBlend(SixLabors.ImageSharp.Image,SixLabors.ImageSharp.Color)
DA:18,3
DA:20,3
DA:21,6
DA:22,6
DA:23,6
DA:24,6
DA:25,6
DA:26,6
DA:31,3
DA:32,6
DA:33,6
DA:34,6
DA:35,6
DA:36,6
DA:37,3
LF:15
LH:15
BRF:0
BRH:0
FNF:1
FNH:1
end_of_record
SF:C:\code\sanchez\Sanchez\Extensions\TintExtensions.cs
FN:12,SixLabors.ImageSharp.Processing.IImageProcessingContext Sanchez.Extensions.TintExtensions::Tint(SixLabors.ImageSharp.Processing.IImageProcessingContext,SixLabors.ImageSharp.Color)
FNDA:3,SixLabors.ImageSharp.Processing.IImageProcessingContext Sanchez.Extensions.TintExtensions::Tint(SixLabors.ImageSharp.Processing.IImageProcessingContext,SixLabors.ImageSharp.Color)
DA:13,3
DA:14,3
DA:15,3
DA:16,3
FN:22,SixLabors.ImageSharp.ColorMatrix Sanchez.Extensions.TintExtensions::CreateTintMatrix(SixLabors.ImageSharp.Color)
FNDA:4,SixLabors.ImageSharp.ColorMatrix Sanchez.Extensions.TintExtensions::CreateTintMatrix(SixLabors.ImageSharp.Color)
DA:23,4
DA:24,4
DA:27,4
DA:28,4
DA:29,4
DA:30,4
DA:31,4
DA:32,4
DA:33,4
DA:35,4
DA:36,4
LF:15
LH:15
BRF:0
BRH:0
FNF:2
FNH:2
end_of_record
SF:C:\code\sanchez\Sanchez\Builders\CompositorBuilder.cs
FN:31,Sanchez.Builders.CompositorBuilder Sanchez.Builders.CompositorBuilder::AddUnderlay(SixLabors.ImageSharp.Image)
FNDA:3,Sanchez.Builders.CompositorBuilder Sanchez.Builders.CompositorBuilder::AddUnderlay(SixLabors.ImageSharp.Image)
DA:32,3
DA:33,6
DA:34,3
DA:35,3
FN:40,Sanchez.Builders.CompositorBuilder Sanchez.Builders.CompositorBuilder::PostProcess()
FNDA:3,Sanchez.Builders.CompositorBuilder Sanchez.Builders.CompositorBuilder::PostProcess()
DA:41,3
DA:42,3
DA:43,6
DA:44,6
DA:45,6
DA:46,6
DA:47,6
DA:49,3
DA:50,3
FN:60,Sanchez.Builders.CompositorBuilder Sanchez.Builders.CompositorBuilder::AddMask(System.String)
FNDA:3,Sanchez.Builders.CompositorBuilder Sanchez.Builders.CompositorBuilder::AddMask(System.String)
DA:61,3
DA:62,5
DA:63,1
DA:65,1
DA:66,1
DA:67,3
BRDA:62,17,0,2
BRDA:62,17,1,1
FN:72,Sanchez.Builders.CompositorBuilder Sanchez.Builders.CompositorBuilder::AddOverlay(System.String)
FNDA:3,Sanchez.Builders.CompositorBuilder Sanchez.Builders.CompositorBuilder::AddOverlay(System.String)
DA:73,3
DA:74,5
DA:75,1
DA:77,1
DA:78,1
DA:79,3
BRDA:74,17,0,2
BRDA:74,17,1,1
FN:81,System.Void Sanchez.Builders.CompositorBuilder::Compose(System.String,SixLabors.ImageSharp.PixelFormats.PixelColorBlendingMode)
FNDA:2,System.Void Sanchez.Builders.CompositorBuilder::Compose(System.String,SixLabors.ImageSharp.PixelFormats.PixelColorBlendingMode)
DA:82,2
DA:83,2
DA:84,4
DA:85,4
DA:86,4
DA:87,6
DA:88,2
FN:92,System.Void Sanchez.Builders.CompositorBuilder::Save(System.String)
FNDA:3,System.Void Sanchez.Builders.CompositorBuilder::Save(System.String)
DA:93,3
FN:21,System.Void Sanchez.Builders.CompositorBuilder::.ctor(SixLabors.ImageSharp.Image,Sanchez.Models.RenderOptions)
FNDA:3,System.Void Sanchez.Builders.CompositorBuilder::.ctor(SixLabors.ImageSharp.Image,Sanchez.Models.RenderOptions)
DA:22,3
DA:23,3
DA:24,3
DA:25,3
DA:26,3
LF:38
LH:38
BRF:4
BRH:4
FNF:7
FNH:7
end_of_record
SF:C:\code\sanchez\Sanchez\Builders\ContainerBuilder.cs
FN:8,SimpleInjector.Container Sanchez.Builders.ContainerBuilder::AddAllService(SimpleInjector.Container)
FNDA:10,SimpleInjector.Container Sanchez.Builders.ContainerBuilder::AddAllService(SimpleInjector.Container)
DA:9,10
DA:10,10
DA:11,10
DA:12,10
DA:14,10
DA:15,10
LF:6
LH:6
BRF:0
BRH:0
FNF:1
FNH:1
end_of_record